info it worked if it ends with ok
verbose cli [ 'node', '/usr/local/bin/npm', 'install' ]
info using npm@1.1.21
info using node@v0.6.17
verbose config file /Users/Esbanarango/.npmrc
verbose config file /usr/local/etc/npmrc
verbose config file /usr/local/lib/node_modules/npm/npmrc
ERR! Couldn't read dependencies.
ERR! Error: ENOENT, open '/Users/Esbanarango/Developer/Storific/Storitter/package.json'
ERR! You may report this log at:
ERR!     <http://github.com/isaacs/npm/issues>
ERR! or email it to:
ERR!     <npm-@googlegroups.com>
ERR! 
ERR! System Darwin 11.3.0
ERR! command "node" "/usr/local/bin/npm" "install"
ERR! cwd /Users/Esbanarango/Developer/Storific/Storitter
ERR! node -v v0.6.17
ERR! npm -v 1.1.21
ERR! path /Users/Esbanarango/Developer/Storific/Storitter/package.json
ERR! code ENOENT
ERR! message ENOENT, open '/Users/Esbanarango/Developer/Storific/Storitter/package.json'
ERR! errno {}
verbose exit [ 1, true ]
